#
# There is insufficient memory for the Java Runtime Environment to continue.
# Native memory allocation (malloc) failed to allocate 32744 bytes for ChunkPool::allocate
# Possible reasons:
#   The system is out of physical RAM or swap space
#   The process is running with CompressedOops enabled, and the Java Heap may be blocking the growth of the native heap
# Possible solutions:
#   Reduce memory load on the system
#   Increase physical memory or swap space
#   Check if swap backing store is full
#   Decrease Java heap size (-Xmx/-Xms)
#   Decrease number of Java threads
#   Decrease Java thread stack sizes (-Xss)
#   Set larger code cache with -XX:ReservedCodeCacheSize=
#   JVM is running with Unscaled Compressed Oops mode in which the Java heap is
#     placed in the first 4GB address space. The Java Heap base address is the
#     maximum limit for the native heap growth. Please use -XX:HeapBaseMinAddress
#     to set the Java Heap base and to place the Java Heap above 4GB virtual address.
# This output file may be truncated or incomplete.
#
#  Out of Memory Error (arena.cpp:78), pid=13384, tid=6588
#
# JRE version: OpenJDK Runtime Environment Temurin-17.0.2+8 (17.0.2+8) (build 17.0.2+8)
# Java VM: OpenJDK 64-Bit Server VM Temurin-17.0.2+8 (17.0.2+8, mixed mode, sharing, tiered, compressed oops, compressed class ptrs, parallel gc, windows-amd64)
# No core dump will be written. Minidumps are not enabled by default on client versions of Windows
#

---------------  S U M M A R Y ------------

Command Line: --add-modules=ALL-SYSTEM --add-opens=java.base/java.util=ALL-UNNAMED --add-opens=java.base/java.lang=ALL-UNNAMED --add-opens=java.base/sun.nio.fs=ALL-UNNAMED -Declipse.application=org.eclipse.jdt.ls.core.id1 -Dosgi.bundles.defaultStartLevel=4 -Declipse.product=org.eclipse.jdt.ls.core.product -Djava.import.generatesMetadataFilesAtProjectRoot=false -Dfile.encoding=utf8 -XX:+UseParallelGC -XX:GCTimeRatio=4 -XX:AdaptiveSizePolicyWeight=90 -Dsun.zip.disableMemoryMapping=true -Xmx1G -Xms100m -Xlog:disable -javaagent:c:\Users\win\.vscode\extensions\redhat.java-1.12.0-win32-x64\lombok\lombok-1.18.24.jar c:\Users\win\.vscode\extensions\redhat.java-1.12.0-win32-x64\server\plugins\org.eclipse.equinox.launcher_1.6.400.v20210924-0641.jar -configuration c:\Users\win\AppData\Roaming\Code\User\globalStorage\redhat.java\1.12.0\config_ss_win -data c:\Users\win\AppData\Roaming\Code\User\workspaceStorage\0bb1a7ba076a0b6061204e7c831bcb17\redhat.java\ss_ws

Host: Intel(R) Celeron(R) CPU  N2815  @ 1.86GHz, 2 cores, 3G,  Windows 10 , 64 bit Build 19041 (10.0.19041.1889)
Time: Mon Nov 14 19:59:09 2022 Hora oficial do Brasil elapsed time: 480.748813 seconds (0d 0h 8m 0s)

---------------  T H R E A D  ---------------

Current thread (0x000002257cb18960):  JavaThread "C1 CompilerThread0" daemon [_thread_in_native, id=6588, stack(0x000000873da00000,0x000000873db00000)]


Current CompileTask:
C1: 480749 4867   !   2       org.eclipse.jdt.internal.compiler.parser.Scanner::getNextToken0 (2562 bytes)

Stack: [0x000000873da00000,0x000000873db00000]
Native frames: (J=compiled Java code, j=interpreted, Vv=VM code, C=native code)
V  [jvm.dll+0x67564a]
V  [jvm.dll+0x82fc04]
V  [jvm.dll+0x8313ae]
V  [jvm.dll+0x831a13]
V  [jvm.dll+0x245235]
V  [jvm.dll+0xabfc0]
V  [jvm.dll+0xac30c]
V  [jvm.dll+0x638752]
V  [jvm.dll+0x638192]
V  [jvm.dll+0x1cb92d]
V  [jvm.dll+0x143c99]
V  [jvm.dll+0x137d88]
V  [jvm.dll+0x138079]
V  [jvm.dll+0x147fe6]
V  [jvm.dll+0x133c30]
V  [jvm.dll+0x133f90]
V  [jvm.dll+0x134256]
V  [jvm.dll+0x1336ea]
V  [jvm.dll+0x1353b1]
V  [jvm.dll+0x226ef8]
V  [jvm.dll+0x22503c]
V  [jvm.dll+0x7e596b]
V  [jvm.dll+0x7dff2a]
V  [jvm.dll+0x6744d5]
C  [ucrtbase.dll+0x21bb2]
C  [KERNEL32.DLL+0x17034]
C  [ntdll.dll+0x526a1]


---------------  P R O C E S S  ---------------

Threads class SMR info:
_java_thread_list=0x000002257f97b8b0, length=23, elements={
0x0000022570f87fe0, 0x0000022571059370, 0x000002257105ccf0, 0x000002257caa5790,
0x000002257caa6600, 0x000002257caa7470, 0x000002257caaafa0, 0x000002257caabc80,
0x000002257cb18960, 0x000002257cb1bb10, 0x0000022571045690, 0x000002257e1172f0,
0x000002257e5d22a0, 0x000002257e66fc80, 0x000002257e726840, 0x000002257e41c0b0,
0x000002257eef84a0, 0x000002257e1be910, 0x000002257e1bf2b0, 0x000002257e1bbdc0,
0x000002257e1bc290, 0x000002257e1bc760, 0x000002257e1bdf70
}

Java Threads: ( => current thread )
  0x0000022570f87fe0 JavaThread "main" [_thread_blocked, id=11224, stack(0x000000873d000000,0x000000873d100000)]
  0x0000022571059370 JavaThread "Reference Handler" daemon [_thread_blocked, id=3696, stack(0x000000873d300000,0x000000873d400000)]
  0x000002257105ccf0 JavaThread "Finalizer" daemon [_thread_blocked, id=14252, stack(0x000000873d400000,0x000000873d500000)]
  0x000002257caa5790 JavaThread "Signal Dispatcher" daemon [_thread_blocked, id=10016, stack(0x000000873d500000,0x000000873d600000)]
  0x000002257caa6600 JavaThread "Attach Listener" daemon [_thread_blocked, id=10824, stack(0x000000873d600000,0x000000873d700000)]
  0x000002257caa7470 JavaThread "Service Thread" daemon [_thread_blocked, id=12524, stack(0x000000873d700000,0x000000873d800000)]
  0x000002257caaafa0 JavaThread "Monitor Deflation Thread" daemon [_thread_blocked, id=10448, stack(0x000000873d800000,0x000000873d900000)]
  0x000002257caabc80 JavaThread "C2 CompilerThread0" daemon [_thread_in_native, id=12276, stack(0x000000873d900000,0x000000873da00000)]
=>0x000002257cb18960 JavaThread "C1 CompilerThread0" daemon [_thread_in_native, id=6588, stack(0x000000873da00000,0x000000873db00000)]
  0x000002257cb1bb10 JavaThread "Sweeper thread" daemon [_thread_blocked, id=4468, stack(0x000000873db00000,0x000000873dc00000)]
  0x0000022571045690 JavaThread "Common-Cleaner" daemon [_thread_blocked, id=5988, stack(0x000000873dc00000,0x000000873dd00000)]
  0x000002257e1172f0 JavaThread "Notification Thread" daemon [_thread_blocked, id=11532, stack(0x000000873dd00000,0x000000873de00000)]
  0x000002257e5d22a0 JavaThread "Active Thread: Equinox Container: 90125019-c048-4fbc-8ca6-4cf2179782ec" [_thread_blocked, id=5940, stack(0x000000873e200000,0x000000873e300000)]
  0x000002257e66fc80 JavaThread "Framework Event Dispatcher: Equinox Container: 90125019-c048-4fbc-8ca6-4cf2179782ec" daemon [_thread_blocked, id=4896, stack(0x000000873e000000,0x000000873e100000)]
  0x000002257e726840 JavaThread "Start Level: Equinox Container: 90125019-c048-4fbc-8ca6-4cf2179782ec" daemon [_thread_blocked, id=14140, stack(0x000000873e100000,0x000000873e200000)]
  0x000002257e41c0b0 JavaThread "Refresh Thread: Equinox Container: 90125019-c048-4fbc-8ca6-4cf2179782ec" daemon [_thread_blocked, id=13152, stack(0x000000873e300000,0x000000873e400000)]
  0x000002257eef84a0 JavaThread "SCR Component Actor" daemon [_thread_blocked, id=11124, stack(0x000000873e600000,0x000000873e700000)]
  0x000002257e1be910 JavaThread "Worker-JM" [_thread_blocked, id=12160, stack(0x000000873e800000,0x000000873e900000)]
  0x000002257e1bf2b0 JavaThread "Worker-0" [_thread_blocked, id=6716, stack(0x000000873e900000,0x000000873ea00000)]
  0x000002257e1bbdc0 JavaThread "Worker-1" [_thread_blocked, id=3044, stack(0x000000873ea00000,0x000000873eb00000)]
  0x000002257e1bc290 JavaThread "JNA Cleaner" daemon [_thread_blocked, id=5400, stack(0x000000873e400000,0x000000873e500000)]
  0x000002257e1bc760 JavaThread "pool-2-thread-1" [_thread_blocked, id=11000, stack(0x000000873e500000,0x000000873e600000)]
  0x000002257e1bdf70 JavaThread "pool-1-thread-1" [_thread_blocked, id=5340, stack(0x000000873e700000,0x000000873e800000)]

Other Threads:
  0x000002257ca945f0 VMThread "VM Thread" [stack: 0x000000873d200000,0x000000873d300000] [id=9648]
  0x000002257e1177c0 WatcherThread [stack: 0x000000873de00000,0x000000873df00000] [id=12740]
  0x0000022570f9d830 GCTaskThread "GC Thread#0" [stack: 0x000000873d100000,0x000000873d200000] [id=9428]
  0x000002257e6536f0 GCTaskThread "GC Thread#1" [stack: 0x000000873df00000,0x000000873e000000] [id=2584]

Threads with active compile tasks:
C2 CompilerThread0   480943 4836 %     4       org.objectweb.asm.ClassReader::readCode @ 2036 (5109 bytes)
C1 CompilerThread0   480943 4867   !   2       org.eclipse.jdt.internal.compiler.parser.Scanner::getNextToken0 (2562 bytes)

VM state: at safepoint (normal execution)

VM Mutex/Monitor currently owned by a thread:  ([mutex/lock_event])
[0x0000022570f82840] Threads_lock - owner thread: 0x000002257ca945f0
[0x0000022570f828d0] Heap_lock - owner thread: 0x000002257e1bdf70

Heap address: 0x00000000c0000000, size: 1024 MB, Compressed Oops mode: 32-bit

CDS archive(s) mapped at: [0x0000000800000000-0x0000000800bc0000-0x0000000800bc0000), size 12320768, SharedBaseAddress: 0x0000000800000000, ArchiveRelocationMode: 0.
Compressed class space mapped at: 0x0000000800c00000-0x0000000840c00000, reserved size: 1073741824
Narrow klass base: 0x0000000800000000, Narrow klass shift: 0, Narrow klass range: 0x100000000

GC Precious Log:
 CPUs: 2 total, 2 available
 Memory: 3986M
 Large Page Support: Disabled
 NUMA Support: Disabled
 Compressed Oops: Enabled (32-bit)
 Alignments: Space 512K, Generation 512K, Heap 2M
 Heap Min Capacity: 100M
 Heap Initial Capacity: 100M
 Heap Max Capacity: 1G
 Pre-touch: Disabled
 Parallel Workers: 2

Heap:
 PSYoungGen      total 21504K, used 162K [0x00000000eab00000, 0x00000000ec180000, 0x0000000100000000)
  eden space 20992K, 0% used [0x00000000eab00000,0x00000000eab00000,0x00000000ebf80000)
  from space 512K, 31% used [0x00000000ec100000,0x00000000ec128a78,0x00000000ec180000)
  to   space 512K, 0% used [0x00000000ebf80000,0x00000000ebf80000,0x00000000ec000000)
 ParOldGen       total 68608K, used 38372K [0x00000000c0000000, 0x00000000c4300000, 0x00000000eab00000)
  object space 68608K, 55% used [0x00000000c0000000,0x00000000c25792b8,0x00000000c4300000)
 Metaspace       used 35123K, committed 35840K, reserved 1081344K
  class space    used 3436K, committed 3776K, reserved 1048576K

Card table byte_map: [0x000002257a440000,0x000002257a650000] _byte_map_base: 0x0000022579e40000

Marking Bits: (ParMarkBitMap*) 0x00007ffec6a43af0
 Begin Bits: [0x000002257a7b0000, 0x000002257b7b0000)
 End Bits:   [0x000002257b7b0000, 0x000002257c7b0000)

Polling page: 0x0000022571060000

Metaspace:

Usage:
  Non-class:     30.94 MB used.
      Class:      3.36 MB used.
       Both:     34.30 MB used.

Virtual space:
  Non-class space:       32.00 MB reserved,      31.31 MB ( 98%) committed,  4 nodes.
      Class space:        1.00 GB reserved,       3.69 MB ( <1%) committed,  1 nodes.
             Both:        1.03 GB reserved,      35.00 MB (  3%) committed. 

Chunk freelists:
   Non-Class:  192.00 KB
       Class:  368.00 KB
        Both:  560.00 KB

MaxMetaspaceSize: unlimited
CompressedClassSpaceSize: 1.00 GB
Initial GC threshold: 21.00 MB
Current GC threshold: 35.00 MB
CDS: on
MetaspaceReclaimPolicy: balanced
 - commit_granule_bytes: 65536.
 - commit_granule_words: 8192.
 - virtual_space_node_default_size: 1048576.
 - enlarge_chunks_in_place: 1.
 - new_chunks_are_fully_committed: 0.
 - uncommit_free_chunks: 1.
 - use_allocation_guard: 0.
 - handle_deallocations: 1.


Internal statistics:

num_allocs_failed_limit: 8.
num_arena_births: 270.
num_arena_deaths: 14.
num_vsnodes_births: 5.
num_vsnodes_deaths: 0.
num_space_committed: 560.
num_space_uncommitted: 0.
num_chunks_returned_to_freelist: 22.
num_chunks_taken_from_freelist: 1536.
num_chunk_merges: 7.
num_chunk_splits: 1077.
num_chunks_enlarged: 783.
num_purges: 2.
num_inconsistent_stats: 0.

CodeHeap 'non-profiled nmethods': size=120064Kb used=2821Kb max_used=2821Kb free=117242Kb
 bounds [0x0000022507ac0000, 0x0000022507d90000, 0x000002250f000000]
CodeHeap 'profiled nmethods': size=120000Kb used=11004Kb max_used=11004Kb free=108995Kb
 bounds [0x0000022500590000, 0x0000022501050000, 0x0000022507ac0000]
CodeHeap 'non-nmethods': size=5696Kb used=1268Kb max_used=1302Kb free=4427Kb
 bounds [0x0000022500000000, 0x0000022500270000, 0x0000022500590000]
 total_blobs=5419 nmethods=4826 adapters=508
 compilation: enabled
              stopped_count=0, restarted_count=0
 full_count=0

Compilation events (20 events):
Event: 480.181 Thread 0x000002257cb18960 nmethod 4854 0x000002250104c210 code [0x000002250104c3c0, 0x000002250104c5c8]
Event: 480.182 Thread 0x000002257cb18960 4855       3       org.objectweb.asm.MethodVisitor::visitMaxs (17 bytes)
Event: 480.182 Thread 0x000002257cb18960 nmethod 4855 0x000002250104c690 code [0x000002250104c840, 0x000002250104ca48]
Event: 480.182 Thread 0x000002257cb18960 4856       3       org.objectweb.asm.MethodVisitor::visitEnd (15 bytes)
Event: 480.183 Thread 0x000002257cb18960 nmethod 4856 0x000002250104cb10 code [0x000002250104ccc0, 0x000002250104cec8]
Event: 480.194 Thread 0x000002257cb18960 4858       2       org.objectweb.asm.SymbolTable::addConstantDynamicOrInvokeDynamicReference (34 bytes)
Event: 480.194 Thread 0x000002257cb18960 nmethod 4858 0x000002250104cf90 code [0x000002250104d140, 0x000002250104d388]
Event: 480.674 Thread 0x000002257cb18960 4859       1       java.lang.invoke.MethodHandleImpl$IntrinsicMethodHandle::getTarget (5 bytes)
Event: 480.675 Thread 0x000002257cb18960 nmethod 4859 0x0000022507d81090 code [0x0000022507d81220, 0x0000022507d812f8]
Event: 480.675 Thread 0x000002257cb18960 4860       2       java.lang.invoke.LambdaFormEditor$TransformKey::bval (26 bytes)
Event: 480.675 Thread 0x000002257cb18960 nmethod 4860 0x000002250104d510 code [0x000002250104d6a0, 0x000002250104d798]
Event: 480.679 Thread 0x000002257cb18960 4861       2       java.lang.invoke.MethodHandles$Lookup::findBoundCallerLookup (30 bytes)
Event: 480.681 Thread 0x000002257cb18960 nmethod 4861 0x000002250104d810 code [0x000002250104d9c0, 0x000002250104dc78]
Event: 480.681 Thread 0x000002257cb18960 4862       2       java.lang.invoke.MethodHandles$Lookup::getDirectMethodCommon (280 bytes)
Event: 480.685 Thread 0x000002257cb18960 nmethod 4862 0x000002250104de10 code [0x000002250104e0a0, 0x000002250104e878]
Event: 480.702 Thread 0x000002257cb18960 4863       1       java.lang.invoke.MethodHandle::internalForm (5 bytes)
Event: 480.702 Thread 0x000002257cb18960 nmethod 4863 0x0000022507d81390 code [0x0000022507d81520, 0x0000022507d815f8]
Event: 480.739 Thread 0x000002257cb18960 4864       2       org.eclipse.jdt.internal.core.CompilationUnit::getMainTypeName (11 bytes)
Event: 480.741 Thread 0x000002257cb18960 nmethod 4864 0x000002250104ed10 code [0x000002250104eee0, 0x000002250104f0d8]
Event: 480.741 Thread 0x000002257cb18960 4867   !   2       org.eclipse.jdt.internal.compiler.parser.Scanner::getNextToken0 (2562 bytes)

GC Heap History (20 events):
Event: 445.506 GC heap before
{Heap before GC invocations=33 (full 1):
 PSYoungGen      total 22528K, used 22432K [0x00000000eab00000, 0x00000000ec280000, 0x0000000100000000)
  eden space 22016K, 100% used [0x00000000eab00000,0x00000000ec080000,0x00000000ec080000)
  from space 512K, 81% used [0x00000000ec180000,0x00000000ec1e8000,0x00000000ec200000)
  to   space 512K, 0% used [0x00000000ec200000,0x00000000ec200000,0x00000000ec280000)
 ParOldGen       total 68608K, used 33948K [0x00000000c0000000, 0x00000000c4300000, 0x00000000eab00000)
  object space 68608K, 49% used [0x00000000c0000000,0x00000000c2127280,0x00000000c4300000)
 Metaspace       used 29918K, committed 30656K, reserved 1081344K
  class space    used 2891K, committed 3200K, reserved 1048576K
}
Event: 445.510 GC heap after
{Heap after GC invocations=33 (full 1):
 PSYoungGen      total 22528K, used 504K [0x00000000eab00000, 0x00000000ec280000, 0x0000000100000000)
  eden space 22016K, 0% used [0x00000000eab00000,0x00000000eab00000,0x00000000ec080000)
  from space 512K, 98% used [0x00000000ec200000,0x00000000ec27e1a8,0x00000000ec280000)
  to   space 1024K, 0% used [0x00000000ec080000,0x00000000ec080000,0x00000000ec180000)
 ParOldGen       total 68608K, used 34356K [0x00000000c0000000, 0x00000000c4300000, 0x00000000eab00000)
  object space 68608K, 50% used [0x00000000c0000000,0x00000000c218d280,0x00000000c4300000)
 Metaspace       used 29918K, committed 30656K, reserved 1081344K
  class space    used 2891K, committed 3200K, reserved 1048576K
}
Event: 448.201 GC heap before
{Heap before GC invocations=34 (full 1):
 PSYoungGen      total 22528K, used 22520K [0x00000000eab00000, 0x00000000ec280000, 0x0000000100000000)
  eden space 22016K, 99% used [0x00000000eab00000,0x00000000ec07ff70,0x00000000ec080000)
  from space 512K, 98% used [0x00000000ec200000,0x00000000ec27e1a8,0x00000000ec280000)
  to   space 1024K, 0% used [0x00000000ec080000,0x00000000ec080000,0x00000000ec180000)
 ParOldGen       total 68608K, used 34356K [0x00000000c0000000, 0x00000000c4300000, 0x00000000eab00000)
  object space 68608K, 50% used [0x00000000c0000000,0x00000000c218d280,0x00000000c4300000)
 Metaspace       used 29918K, committed 30656K, reserved 1081344K
  class space    used 2891K, committed 3200K, reserved 1048576K
}
Event: 448.207 GC heap after
{Heap after GC invocations=34 (full 1):
 PSYoungGen      total 23040K, used 416K [0x00000000eab00000, 0x00000000ec280000, 0x0000000100000000)
  eden space 22016K, 0% used [0x00000000eab00000,0x00000000eab00000,0x00000000ec080000)
  from space 1024K, 40% used [0x00000000ec080000,0x00000000ec0e8000,0x00000000ec180000)
  to   space 1024K, 0% used [0x00000000ec180000,0x00000000ec180000,0x00000000ec280000)
 ParOldGen       total 68608K, used 34853K [0x00000000c0000000, 0x00000000c4300000, 0x00000000eab00000)
  object space 68608K, 50% used [0x00000000c0000000,0x00000000c2209428,0x00000000c4300000)
 Metaspace       used 29918K, committed 30656K, reserved 1081344K
  class space    used 2891K, committed 3200K, reserved 1048576K
}
Event: 451.822 GC heap before
{Heap before GC invocations=35 (full 1):
 PSYoungGen      total 23040K, used 22432K [0x00000000eab00000, 0x00000000ec280000, 0x0000000100000000)
  eden space 22016K, 100% used [0x00000000eab00000,0x00000000ec080000,0x00000000ec080000)
  from space 1024K, 40% used [0x00000000ec080000,0x00000000ec0e8000,0x00000000ec180000)
  to   space 1024K, 0% used [0x00000000ec180000,0x00000000ec180000,0x00000000ec280000)
 ParOldGen       total 68608K, used 34853K [0x00000000c0000000, 0x00000000c4300000, 0x00000000eab00000)
  object space 68608K, 50% used [0x00000000c0000000,0x00000000c2209428,0x00000000c4300000)
 Metaspace       used 29918K, committed 30656K, reserved 1081344K
  class space    used 2891K, committed 3200K, reserved 1048576K
}
Event: 451.827 GC heap after
{Heap after GC invocations=35 (full 1):
 PSYoungGen      total 22528K, used 448K [0x00000000eab00000, 0x00000000ec200000, 0x0000000100000000)
  eden space 22016K, 0% used [0x00000000eab00000,0x00000000eab00000,0x00000000ec080000)
  from space 512K, 87% used [0x00000000ec180000,0x00000000ec1f0000,0x00000000ec200000)
  to   space 512K, 0% used [0x00000000ec100000,0x00000000ec100000,0x00000000ec180000)
 ParOldGen       total 68608K, used 35261K [0x00000000c0000000, 0x00000000c4300000, 0x00000000eab00000)
  object space 68608K, 51% used [0x00000000c0000000,0x00000000c226f428,0x00000000c4300000)
 Metaspace       used 29918K, committed 30656K, reserved 1081344K
  class space    used 2891K, committed 3200K, reserved 1048576K
}
Event: 455.604 GC heap before
{Heap before GC invocations=36 (full 1):
 PSYoungGen      total 22528K, used 22464K [0x00000000eab00000, 0x00000000ec200000, 0x0000000100000000)
  eden space 22016K, 100% used [0x00000000eab00000,0x00000000ec080000,0x00000000ec080000)
  from space 512K, 87% used [0x00000000ec180000,0x00000000ec1f0000,0x00000000ec200000)
  to   space 512K, 0% used [0x00000000ec100000,0x00000000ec100000,0x00000000ec180000)
 ParOldGen       total 68608K, used 35261K [0x00000000c0000000, 0x00000000c4300000, 0x00000000eab00000)
  object space 68608K, 51% used [0x00000000c0000000,0x00000000c226f428,0x00000000c4300000)
 Metaspace       used 29918K, committed 30656K, reserved 1081344K
  class space    used 2891K, committed 3200K, reserved 1048576K
}
Event: 455.609 GC heap after
{Heap after GC invocations=36 (full 1):
 PSYoungGen      total 22528K, used 420K [0x00000000eab00000, 0x00000000ec200000, 0x0000000100000000)
  eden space 22016K, 0% used [0x00000000eab00000,0x00000000eab00000,0x00000000ec080000)
  from space 512K, 82% used [0x00000000ec100000,0x00000000ec169278,0x00000000ec180000)
  to   space 512K, 0% used [0x00000000ec180000,0x00000000ec180000,0x00000000ec200000)
 ParOldGen       total 68608K, used 35685K [0x00000000c0000000, 0x00000000c4300000, 0x00000000eab00000)
  object space 68608K, 52% used [0x00000000c0000000,0x00000000c22d9428,0x00000000c4300000)
 Metaspace       used 29918K, committed 30656K, reserved 1081344K
  class space    used 2891K, committed 3200K, reserved 1048576K
}
Event: 461.091 GC heap before
{Heap before GC invocations=37 (full 1):
 PSYoungGen      total 22528K, used 22436K [0x00000000eab00000, 0x00000000ec200000, 0x0000000100000000)
  eden space 22016K, 100% used [0x00000000eab00000,0x00000000ec080000,0x00000000ec080000)
  from space 512K, 82% used [0x00000000ec100000,0x00000000ec169278,0x00000000ec180000)
  to   space 512K, 0% used [0x00000000ec180000,0x00000000ec180000,0x00000000ec200000)
 ParOldGen       total 68608K, used 35685K [0x00000000c0000000, 0x00000000c4300000, 0x00000000eab00000)
  object space 68608K, 52% used [0x00000000c0000000,0x00000000c22d9428,0x00000000c4300000)
 Metaspace       used 29918K, committed 30656K, reserved 1081344K
  class space    used 2891K, committed 3200K, reserved 1048576K
}
Event: 461.095 GC heap after
{Heap after GC invocations=37 (full 1):
 PSYoungGen      total 22528K, used 470K [0x00000000eab00000, 0x00000000ec200000, 0x0000000100000000)
  eden space 22016K, 0% used [0x00000000eab00000,0x00000000eab00000,0x00000000ec080000)
  from space 512K, 91% used [0x00000000ec180000,0x00000000ec1f5ba8,0x00000000ec200000)
  to   space 512K, 0% used [0x00000000ec100000,0x00000000ec100000,0x00000000ec180000)
 ParOldGen       total 68608K, used 36061K [0x00000000c0000000, 0x00000000c4300000, 0x00000000eab00000)
  object space 68608K, 52% used [0x00000000c0000000,0x00000000c2337428,0x00000000c4300000)
 Metaspace       used 29918K, committed 30656K, reserved 1081344K
  class space    used 2891K, committed 3200K, reserved 1048576K
}
Event: 469.593 GC heap before
{Heap before GC invocations=38 (full 1):
 PSYoungGen      total 22528K, used 22486K [0x00000000eab00000, 0x00000000ec200000, 0x0000000100000000)
  eden space 22016K, 100% used [0x00000000eab00000,0x00000000ec080000,0x00000000ec080000)
  from space 512K, 91% used [0x00000000ec180000,0x00000000ec1f5ba8,0x00000000ec200000)
  to   space 512K, 0% used [0x00000000ec100000,0x00000000ec100000,0x00000000ec180000)
 ParOldGen       total 68608K, used 36061K [0x00000000c0000000, 0x00000000c4300000, 0x00000000eab00000)
  object space 68608K, 52% used [0x00000000c0000000,0x00000000c2337428,0x00000000c4300000)
 Metaspace       used 29918K, committed 30656K, reserved 1081344K
  class space    used 2891K, committed 3200K, reserved 1048576K
}
Event: 469.597 GC heap after
{Heap after GC invocations=38 (full 1):
 PSYoungGen      total 22528K, used 448K [0x00000000eab00000, 0x00000000ec200000, 0x0000000100000000)
  eden space 22016K, 0% used [0x00000000eab00000,0x00000000eab00000,0x00000000ec080000)
  from space 512K, 87% used [0x00000000ec100000,0x00000000ec170000,0x00000000ec180000)
  to   space 512K, 0% used [0x00000000ec180000,0x00000000ec180000,0x00000000ec200000)
 ParOldGen       total 68608K, used 36363K [0x00000000c0000000, 0x00000000c4300000, 0x00000000eab00000)
  object space 68608K, 53% used [0x00000000c0000000,0x00000000c2382fd0,0x00000000c4300000)
 Metaspace       used 29918K, committed 30656K, reserved 1081344K
  class space    used 2891K, committed 3200K, reserved 1048576K
}
Event: 474.829 GC heap before
{Heap before GC invocations=39 (full 1):
 PSYoungGen      total 22528K, used 22464K [0x00000000eab00000, 0x00000000ec200000, 0x0000000100000000)
  eden space 22016K, 100% used [0x00000000eab00000,0x00000000ec080000,0x00000000ec080000)
  from space 512K, 87% used [0x00000000ec100000,0x00000000ec170000,0x00000000ec180000)
  to   space 512K, 0% used [0x00000000ec180000,0x00000000ec180000,0x00000000ec200000)
 ParOldGen       total 68608K, used 36363K [0x00000000c0000000, 0x00000000c4300000, 0x00000000eab00000)
  object space 68608K, 53% used [0x00000000c0000000,0x00000000c2382fd0,0x00000000c4300000)
 Metaspace       used 31065K, committed 31744K, reserved 1081344K
  class space    used 3028K, committed 3328K, reserved 1048576K
}
Event: 474.838 GC heap after
{Heap after GC invocations=39 (full 1):
 PSYoungGen      total 22528K, used 448K [0x00000000eab00000, 0x00000000ec200000, 0x0000000100000000)
  eden space 22016K, 0% used [0x00000000eab00000,0x00000000eab00000,0x00000000ec080000)
  from space 512K, 87% used [0x00000000ec180000,0x00000000ec1f0000,0x00000000ec200000)
  to   space 512K, 0% used [0x00000000ec100000,0x00000000ec100000,0x00000000ec180000)
 ParOldGen       total 68608K, used 36611K [0x00000000c0000000, 0x00000000c4300000, 0x00000000eab00000)
  object space 68608K, 53% used [0x00000000c0000000,0x00000000c23c0fd0,0x00000000c4300000)
 Metaspace       used 31065K, committed 31744K, reserved 1081344K
  class space    used 3028K, committed 3328K, reserved 1048576K
}
Event: 477.526 GC heap before
{Heap before GC invocations=40 (full 1):
 PSYoungGen      total 22528K, used 22464K [0x00000000eab00000, 0x00000000ec200000, 0x0000000100000000)
  eden space 22016K, 100% used [0x00000000eab00000,0x00000000ec080000,0x00000000ec080000)
  from space 512K, 87% used [0x00000000ec180000,0x00000000ec1f0000,0x00000000ec200000)
  to   space 512K, 0% used [0x00000000ec100000,0x00000000ec100000,0x00000000ec180000)
 ParOldGen       total 68608K, used 36611K [0x00000000c0000000, 0x00000000c4300000, 0x00000000eab00000)
  object space 68608K, 53% used [0x00000000c0000000,0x00000000c23c0fd0,0x00000000c4300000)
 Metaspace       used 32961K, committed 33664K, reserved 1081344K
  class space    used 3247K, committed 3584K, reserved 1048576K
}
Event: 477.531 GC heap after
{Heap after GC invocations=40 (full 1):
 PSYoungGen      total 22528K, used 470K [0x00000000eab00000, 0x00000000ec200000, 0x0000000100000000)
  eden space 22016K, 0% used [0x00000000eab00000,0x00000000eab00000,0x00000000ec080000)
  from space 512K, 91% used [0x00000000ec100000,0x00000000ec175a20,0x00000000ec180000)
  to   space 512K, 0% used [0x00000000ec180000,0x00000000ec180000,0x00000000ec200000)
 ParOldGen       total 68608K, used 37035K [0x00000000c0000000, 0x00000000c4300000, 0x00000000eab00000)
  object space 68608K, 53% used [0x00000000c0000000,0x00000000c242aed0,0x00000000c4300000)
 Metaspace       used 32961K, committed 33664K, reserved 1081344K
  class space    used 3247K, committed 3584K, reserved 1048576K
}
Event: 479.173 GC heap before
{Heap before GC invocations=41 (full 1):
 PSYoungGen      total 22528K, used 22486K [0x00000000eab00000, 0x00000000ec200000, 0x0000000100000000)
  eden space 22016K, 100% used [0x00000000eab00000,0x00000000ec080000,0x00000000ec080000)
  from space 512K, 91% used [0x00000000ec100000,0x00000000ec175a20,0x00000000ec180000)
  to   space 512K, 0% used [0x00000000ec180000,0x00000000ec180000,0x00000000ec200000)
 ParOldGen       total 68608K, used 37035K [0x00000000c0000000, 0x00000000c4300000, 0x00000000eab00000)
  object space 68608K, 53% used [0x00000000c0000000,0x00000000c242aed0,0x00000000c4300000)
 Metaspace       used 34038K, committed 34752K, reserved 1081344K
  class space    used 3330K, committed 3648K, reserved 1048576K
}
Event: 479.179 GC heap after
{Heap after GC invocations=41 (full 1):
 PSYoungGen      total 21504K, used 499K [0x00000000eab00000, 0x00000000ec480000, 0x0000000100000000)
  eden space 20992K, 0% used [0x00000000eab00000,0x00000000eab00000,0x00000000ebf80000)
  from space 512K, 97% used [0x00000000ec180000,0x00000000ec1fcd58,0x00000000ec200000)
  to   space 2048K, 0% used [0x00000000ebf80000,0x00000000ebf80000,0x00000000ec180000)
 ParOldGen       total 68608K, used 38124K [0x00000000c0000000, 0x00000000c4300000, 0x00000000eab00000)
  object space 68608K, 55% used [0x00000000c0000000,0x00000000c253b2b8,0x00000000c4300000)
 Metaspace       used 34038K, committed 34752K, reserved 1081344K
  class space    used 3330K, committed 3648K, reserved 1048576K
}
Event: 480.306 GC heap before
{Heap before GC invocations=42 (full 1):
 PSYoungGen      total 21504K, used 21491K [0x00000000eab00000, 0x00000000ec480000, 0x0000000100000000)
  eden space 20992K, 100% used [0x00000000eab00000,0x00000000ebf80000,0x00000000ebf80000)
  from space 512K, 97% used [0x00000000ec180000,0x00000000ec1fcd58,0x00000000ec200000)
  to   space 2048K, 0% used [0x00000000ebf80000,0x00000000ebf80000,0x00000000ec180000)
 ParOldGen       total 68608K, used 38124K [0x00000000c0000000, 0x00000000c4300000, 0x00000000eab00000)
  object space 68608K, 55% used [0x00000000c0000000,0x00000000c253b2b8,0x00000000c4300000)
 Metaspace       used 34393K, committed 35136K, reserved 1081344K
  class space    used 3357K, committed 3712K, reserved 1048576K
}
Event: 480.308 GC heap after
{Heap after GC invocations=42 (full 1):
 PSYoungGen      total 21504K, used 128K [0x00000000eab00000, 0x00000000ec200000, 0x0000000100000000)
  eden space 20992K, 0% used [0x00000000eab00000,0x00000000eab00000,0x00000000ebf80000)
  from space 512K, 25% used [0x00000000ebf80000,0x00000000ebfa0000,0x00000000ec000000)
  to   space 1024K, 0% used [0x00000000ec100000,0x00000000ec100000,0x00000000ec200000)
 ParOldGen       total 68608K, used 38292K [0x00000000c0000000, 0x00000000c4300000, 0x00000000eab00000)
  object space 68608K, 55% used [0x00000000c0000000,0x00000000c25652b8,0x00000000c4300000)
 Metaspace       used 34393K, committed 35136K, reserved 1081344K
  class space    used 3357K, committed 3712K, reserved 1048576K
}

Deoptimization events (20 events):
Event: 478.036 Thread 0x000002257e1bdf70 DEOPT PACKING pc=0x000002250077305b sp=0x000000873e7fa8c0
Event: 478.036 Thread 0x000002257e1bdf70 DEOPT UNPACKING pc=0x0000022500052825 sp=0x000000873e7f9df8 mode 0
Event: 478.888 Thread 0x000002257e1bdf70 Uncommon trap: trap_request=0xffffffde fr.pc=0x0000022507d4d260 relative=0x0000000000002f80
Event: 478.888 Thread 0x000002257e1bdf70 Uncommon trap: reason=class_check action=maybe_recompile pc=0x0000022507d4d260 method=lombok.patcher.PatchScript$MethodPatcher.visitMethod(ILjava/lang/String;Ljava/lang/String;Ljava/lang/String;[Ljava/lang/String;)Lorg/objectweb/asm/MethodVisitor; @ 101 c
Event: 478.888 Thread 0x000002257e1bdf70 DEOPT PACKING pc=0x0000022507d4d260 sp=0x000000873e7f8010
Event: 478.888 Thread 0x000002257e1bdf70 DEOPT UNPACKING pc=0x000002250005209e sp=0x000000873e7f8038 mode 2
Event: 478.888 Thread 0x000002257e1bdf70 Uncommon trap: trap_request=0xffffffde fr.pc=0x0000022507d4d260 relative=0x0000000000002f80
Event: 478.888 Thread 0x000002257e1bdf70 Uncommon trap: reason=class_check action=maybe_recompile pc=0x0000022507d4d260 method=lombok.patcher.PatchScript$MethodPatcher.visitMethod(ILjava/lang/String;Ljava/lang/String;Ljava/lang/String;[Ljava/lang/String;)Lorg/objectweb/asm/MethodVisitor; @ 101 c
Event: 478.888 Thread 0x000002257e1bdf70 DEOPT PACKING pc=0x0000022507d4d260 sp=0x000000873e7f8010
Event: 478.888 Thread 0x000002257e1bdf70 DEOPT UNPACKING pc=0x000002250005209e sp=0x000000873e7f8038 mode 2
Event: 478.888 Thread 0x000002257e1bdf70 Uncommon trap: trap_request=0xffffffde fr.pc=0x0000022507d4d260 relative=0x0000000000002f80
Event: 478.888 Thread 0x000002257e1bdf70 Uncommon trap: reason=class_check action=maybe_recompile pc=0x0000022507d4d260 method=lombok.patcher.PatchScript$MethodPatcher.visitMethod(ILjava/lang/String;Ljava/lang/String;Ljava/lang/String;[Ljava/lang/String;)Lorg/objectweb/asm/MethodVisitor; @ 101 c
Event: 478.888 Thread 0x000002257e1bdf70 DEOPT PACKING pc=0x0000022507d4d260 sp=0x000000873e7f8010
Event: 478.889 Thread 0x000002257e1bdf70 DEOPT UNPACKING pc=0x000002250005209e sp=0x000000873e7f8038 mode 2
Event: 478.889 Thread 0x000002257e1bdf70 Uncommon trap: trap_request=0xffffffde fr.pc=0x0000022507d4d260 relative=0x0000000000002f80
Event: 478.889 Thread 0x000002257e1bdf70 Uncommon trap: reason=class_check action=maybe_recompile pc=0x0000022507d4d260 method=lombok.patcher.PatchScript$MethodPatcher.visitMethod(ILjava/lang/String;Ljava/lang/String;Ljava/lang/String;[Ljava/lang/String;)Lorg/objectweb/asm/MethodVisitor; @ 101 c
Event: 478.889 Thread 0x000002257e1bdf70 DEOPT PACKING pc=0x0000022507d4d260 sp=0x000000873e7f8010
Event: 478.889 Thread 0x000002257e1bdf70 DEOPT UNPACKING pc=0x000002250005209e sp=0x000000873e7f8038 mode 2
Event: 479.316 Thread 0x000002257e1bdf70 DEOPT PACKING pc=0x0000022500b90243 sp=0x000000873e7f7c70
Event: 479.316 Thread 0x000002257e1bdf70 DEOPT UNPACKING pc=0x0000022500052825 sp=0x000000873e7f70f8 mode 0

Classes unloaded (7 events):
Event: 44.538 Thread 0x000002257ca945f0 Unloading class 0x0000000800d70000 'java/lang/invoke/LambdaForm$MH+0x0000000800d70000'
Event: 44.538 Thread 0x000002257ca945f0 Unloading class 0x0000000800d6fc00 'java/lang/invoke/LambdaForm$MH+0x0000000800d6fc00'
Event: 44.538 Thread 0x000002257ca945f0 Unloading class 0x0000000800d6f800 'java/lang/invoke/LambdaForm$MH+0x0000000800d6f800'
Event: 44.538 Thread 0x000002257ca945f0 Unloading class 0x0000000800d6f400 'java/lang/invoke/LambdaForm$MH+0x0000000800d6f400'
Event: 44.538 Thread 0x000002257ca945f0 Unloading class 0x0000000800d6ec00 'java/lang/invoke/LambdaForm$BMH+0x0000000800d6ec00'
Event: 44.538 Thread 0x000002257ca945f0 Unloading class 0x0000000800d6e800 'java/lang/invoke/LambdaForm$DMH+0x0000000800d6e800'
Event: 44.538 Thread 0x000002257ca945f0 Unloading class 0x0000000800d6c000 'java/lang/invoke/LambdaForm$DMH+0x0000000800d6c000'

Classes redefined (0 events):
No events

Internal exceptions (20 events):
Event: 64.421 Thread 0x000002257e1bdf70 Exception <a 'sun/nio/fs/WindowsException'{0x00000000ebb7c7f0}> (0x00000000ebb7c7f0) 
thrown [e:\jenkins\tmp\workspace\build\src\src\hotspot\share\prims\jni.cpp, line 516]
Event: 64.429 Thread 0x000002257e1bdf70 Exception <a 'sun/nio/fs/WindowsException'{0x00000000ebb833b0}> (0x00000000ebb833b0) 
thrown [e:\jenkins\tmp\workspace\build\src\src\hotspot\share\prims\jni.cpp, line 516]
Event: 64.597 Thread 0x000002257e1bdf70 Exception <a 'sun/nio/fs/WindowsException'{0x00000000ebb93da8}> (0x00000000ebb93da8) 
thrown [e:\jenkins\tmp\workspace\build\src\src\hotspot\share\prims\jni.cpp, line 516]
Event: 64.598 Thread 0x000002257e1bdf70 Exception <a 'sun/nio/fs/WindowsException'{0x00000000ebb95c58}> (0x00000000ebb95c58) 
thrown [e:\jenkins\tmp\workspace\build\src\src\hotspot\share\prims\jni.cpp, line 516]
Event: 64.598 Thread 0x000002257e1bdf70 Exception <a 'sun/nio/fs/WindowsException'{0x00000000ebb96430}> (0x00000000ebb96430) 
thrown [e:\jenkins\tmp\workspace\build\src\src\hotspot\share\prims\jni.cpp, line 516]
Event: 64.598 Thread 0x000002257e1bdf70 Exception <a 'sun/nio/fs/WindowsException'{0x00000000ebb96880}> (0x00000000ebb96880) 
thrown [e:\jenkins\tmp\workspace\build\src\src\hotspot\share\prims\jni.cpp, line 516]
Event: 64.599 Thread 0x000002257e1bdf70 Exception <a 'sun/nio/fs/WindowsException'{0x00000000ebb97588}> (0x00000000ebb97588) 
thrown [e:\jenkins\tmp\workspace\build\src\src\hotspot\share\prims\jni.cpp, line 516]
Event: 64.611 Thread 0x000002257e1bdf70 Exception <a 'java/io/FileNotFoundException'{0x00000000ebba1268}> (0x00000000ebba1268) 
thrown [e:\jenkins\tmp\workspace\build\src\src\hotspot\share\prims\jni.cpp, line 516]
Event: 64.843 Thread 0x000002257e1bdf70 Exception <a 'java/io/FileNotFoundException'{0x00000000ebbce970}> (0x00000000ebbce970) 
thrown [e:\jenkins\tmp\workspace\build\src\src\hotspot\share\prims\jni.cpp, line 516]
Event: 64.847 Thread 0x000002257e1bdf70 Exception <a 'java/io/FileNotFoundException'{0x00000000ebbdca88}> (0x00000000ebbdca88) 
thrown [e:\jenkins\tmp\workspace\build\src\src\hotspot\share\prims\jni.cpp, line 516]
Event: 64.857 Thread 0x000002257e1bdf70 Exception <a 'sun/nio/fs/WindowsException'{0x00000000ebbeaca0}> (0x00000000ebbeaca0) 
thrown [e:\jenkins\tmp\workspace\build\src\src\hotspot\share\prims\jni.cpp, line 516]
Event: 65.004 Thread 0x000002257e1bdf70 Exception <a 'sun/nio/fs/WindowsException'{0x00000000ebc0d290}> (0x00000000ebc0d290) 
thrown [e:\jenkins\tmp\workspace\build\src\src\hotspot\share\prims\jni.cpp, line 516]
Event: 65.252 Thread 0x000002257e1bdf70 Exception <a 'sun/nio/fs/WindowsException'{0x00000000ebc306a0}> (0x00000000ebc306a0) 
thrown [e:\jenkins\tmp\workspace\build\src\src\hotspot\share\prims\jni.cpp, line 516]
Event: 101.066 Thread 0x000002257e1bc760 Exception <a 'java/lang/NoSuchMethodError'{0x00000000eaf824e0}: 'java.lang.Object java.lang.invoke.DirectMethodHandle$Holder.invokeStatic(java.lang.Object, java.lang.Object, long, java.lang.Object)'> (0x00000000eaf824e0) 
thrown [e:\jenkins\tmp\workspace\build\src\src\hotspot\share\interpreter\linkResolver.cpp, line 766]
Event: 101.068 Thread 0x000002257e1bc760 Exception <a 'java/lang/NoSuchMethodError'{0x00000000eaf85f18}: 'java.lang.Object java.lang.invoke.DirectMethodHandle$Holder.invokeStaticInit(java.lang.Object, java.lang.Object, long, java.lang.Object)'> (0x00000000eaf85f18) 
thrown [e:\jenkins\tmp\workspace\build\src\src\hotspot\share\interpreter\linkResolver.cpp, line 766]
Event: 101.071 Thread 0x000002257e1bc760 Exception <a 'java/lang/NoSuchMethodError'{0x00000000eaf8c718}: 'java.lang.Object java.lang.invoke.DirectMethodHandle$Holder.newInvokeSpecial(java.lang.Object, java.lang.Object, long)'> (0x00000000eaf8c718) 
thrown [e:\jenkins\tmp\workspace\build\src\src\hotspot\share\interpreter\linkResolver.cpp, line 766]
Event: 101.072 Thread 0x000002257e1bc760 Exception <a 'java/lang/NoSuchMethodError'{0x00000000eaf904f0}: 'java.lang.Object java.lang.invoke.Invokers$Holder.linkToTargetMethod(java.lang.Object, long, java.lang.Object)'> (0x00000000eaf904f0) 
thrown [e:\jenkins\tmp\workspace\build\src\src\hotspot\share\interpreter\linkResolver.cpp, line 766]
Event: 472.749 Thread 0x000002257e1bdf70 Implicit null exception at 0x0000022507cf88d9 to 0x0000022507cf8910
Event: 474.483 Thread 0x000002257e1bdf70 Implicit null exception at 0x0000022507bcf1c6 to 0x0000022507bcf278
Event: 477.845 Thread 0x000002257e1bdf70 Implicit null exception at 0x0000022507d57dcf to 0x0000022507d58a88

VM Operations (20 events):
Event: 473.929 Executing VM operation: Cleanup
Event: 473.929 Executing VM operation: Cleanup done
Event: 474.829 Executing VM operation: ParallelGCFailedAllocation
Event: 474.838 Executing VM operation: ParallelGCFailedAllocation done
Event: 475.192 Executing VM operation: HandshakeAllThreads
Event: 475.192 Executing VM operation: HandshakeAllThreads done
Event: 476.192 Executing VM operation: Cleanup
Event: 476.193 Executing VM operation: Cleanup done
Event: 476.639 Executing VM operation: ICBufferFull
Event: 476.639 Executing VM operation: ICBufferFull done
Event: 477.526 Executing VM operation: ParallelGCFailedAllocation
Event: 477.531 Executing VM operation: ParallelGCFailedAllocation done
Event: 478.541 Executing VM operation: Cleanup
Event: 478.542 Executing VM operation: Cleanup done
Event: 479.173 Executing VM operation: ParallelGCFailedAllocation
Event: 479.179 Executing VM operation: ParallelGCFailedAllocation done
Event: 480.179 Executing VM operation: Cleanup
Event: 480.181 Executing VM operation: Cleanup done
Event: 480.306 Executing VM operation: ParallelGCFailedAllocation
Event: 480.308 Executing VM operation: ParallelGCFailedAllocation done

Events (20 events):
Event: 474.245 loading class sun/nio/cs/ThreadLocalCoders$2
Event: 474.245 loading class sun/nio/cs/ThreadLocalCoders$2 done
Event: 474.377 loading class java/lang/ExceptionInInitializerError
Event: 474.378 loading class java/lang/ExceptionInInitializerError done
Event: 476.730 loading class java/util/Vector$1
Event: 476.731 loading class java/util/Vector$1 done
Event: 477.845 loading class java/util/Collections$UnmodifiableSortedSet
Event: 477.846 loading class java/util/Collections$UnmodifiableSortedSet done
Event: 478.031 loading class java/util/regex/Pattern$Caret
Event: 478.032 loading class java/util/regex/Pattern$Caret done
Event: 480.674 loading class java/util/stream/ReferencePipeline$4
Event: 480.678 loading class java/util/stream/ReferencePipeline$4 done
Event: 480.688 loading class java/util/stream/Nodes$IntFixedNodeBuilder
Event: 480.689 loading class java/util/stream/Node$Builder$OfInt
Event: 480.690 loading class java/util/stream/Node$Builder$OfInt done
Event: 480.690 loading class java/util/stream/Nodes$IntArrayNode
Event: 480.692 loading class java/util/stream/Nodes$IntArrayNode done
Event: 480.692 loading class java/util/stream/Nodes$IntFixedNodeBuilder done
Event: 480.693 loading class java/util/stream/ReferencePipeline$4$1
Event: 480.701 loading class java/util/stream/ReferencePipeline$4$1 done


Dynamic libraries:
0x00007ff6024b0000 - 0x00007ff6024be000 	c:\Program Files\Eclipse Adoptium\jdk-17.0.2.8-hotspot\bin\java.exe
0x00007fff0f230000 - 0x00007fff0f428000 	C:\Windows\SYSTEM32\ntdll.dll
0x00007ffef6ba0000 - 0x00007ffef6bb7000 	C:\Program Files\Avast Software\Avast\aswhook.dll
0x00007fff0d690000 - 0x00007fff0d74d000 	C:\Windows\System32\KERNEL32.DLL
0x00007fff0ca00000 - 0x00007fff0ccd2000 	C:\Windows\System32\KERNELBASE.dll
0x00007fff0cda0000 - 0x00007fff0cea0000 	C:\Windows\System32\ucrtbase.dll
0x00007ffefb6c0000 - 0x00007ffefb6d8000 	c:\Program Files\Eclipse Adoptium\jdk-17.0.2.8-hotspot\bin\jli.dll
0x00007fff0efa0000 - 0x00007fff0f13d000 	C:\Windows\System32\USER32.dll
0x00007fff0cce0000 - 0x00007fff0cd02000 	C:\Windows\System32\win32u.dll
0x00007fff0d930000 - 0x00007fff0d95b000 	C:\Windows\System32\GDI32.dll
0x00007fff0d030000 - 0x00007fff0d13f000 	C:\Windows\System32\gdi32full.dll
0x00007fff0d140000 - 0x00007fff0d1dd000 	C:\Windows\System32\msvcp_win.dll
0x00007ffef54d0000 - 0x00007ffef576a000 	C:\Windows\WinSxS\amd64_microsoft.windows.common-controls_6595b64144ccf1df_6.0.19041.1110_none_60b5254171f9507e\COMCTL32.dll
0x00007fff0eea0000 - 0x00007fff0ef3e000 	C:\Windows\System32\msvcrt.dll
0x00007ffefa590000 - 0x00007ffefa5a9000 	c:\Program Files\Eclipse Adoptium\jdk-17.0.2.8-hotspot\bin\VCRUNTIME140.dll
0x00007fff0d750000 - 0x00007fff0d780000 	C:\Windows\System32\IMM32.DLL
0x00007fff01910000 - 0x00007fff0191c000 	c:\Program Files\Eclipse Adoptium\jdk-17.0.2.8-hotspot\bin\vcruntime140_1.dll
0x00007ffefa300000 - 0x00007ffefa391000 	c:\Program Files\Eclipse Adoptium\jdk-17.0.2.8-hotspot\bin\msvcp140.dll
0x00007ffec5ec0000 - 0x00007ffec6b07000 	c:\Program Files\Eclipse Adoptium\jdk-17.0.2.8-hotspot\bin\server\jvm.dll
0x00007fff0f140000 - 0x00007fff0f1ee000 	C:\Windows\System32\ADVAPI32.dll
0x00007fff0d5f0000 - 0x00007fff0d68c000 	C:\Windows\System32\sechost.dll
0x00007fff0e1f0000 - 0x00007fff0e315000 	C:\Windows\System32\RPCRT4.dll
0x00007fff0e320000 - 0x00007fff0e328000 	C:\Windows\System32\PSAPI.DLL
0x00007ffefea00000 - 0x00007ffefea09000 	C:\Windows\SYSTEM32\WSOCK32.dll
0x00007fff0e4c0000 - 0x00007fff0e52b000 	C:\Windows\System32\WS2_32.dll
0x00007fff04860000 - 0x00007fff0486a000 	C:\Windows\SYSTEM32\VERSION.dll
0x00007ffef13c0000 - 0x00007ffef13e7000 	C:\Windows\SYSTEM32\WINMM.dll
0x00007fff0a800000 - 0x00007fff0a812000 	C:\Windows\SYSTEM32\kernel.appcore.dll
0x00007ffefb670000 - 0x00007ffefb67a000 	c:\Program Files\Eclipse Adoptium\jdk-17.0.2.8-hotspot\bin\jimage.dll
0x00007fff04510000 - 0x00007fff046f4000 	C:\Windows\SYSTEM32\DBGHELP.DLL
0x00007fff04290000 - 0x00007fff042bc000 	C:\Windows\SYSTEM32\dbgcore.DLL
0x00007fff0cd10000 - 0x00007fff0cd92000 	C:\Windows\System32\bcryptPrimitives.dll
0x00007ffefa580000 - 0x00007ffefa58e000 	c:\Program Files\Eclipse Adoptium\jdk-17.0.2.8-hotspot\bin\instrument.dll
0x00007ffefa510000 - 0x00007ffefa535000 	c:\Program Files\Eclipse Adoptium\jdk-17.0.2.8-hotspot\bin\java.dll
0x00007ffef77c0000 - 0x00007ffef7896000 	c:\Program Files\Eclipse Adoptium\jdk-17.0.2.8-hotspot\bin\jsvml.dll
0x00007fff0d960000 - 0x00007fff0e0a3000 	C:\Windows\System32\SHELL32.dll
0x00007fff0aa00000 - 0x00007fff0b191000 	C:\Windows\SYSTEM32\windows.storage.dll
0x00007fff0d290000 - 0x00007fff0d5e4000 	C:\Windows\System32\combase.dll
0x00007fff0c2c0000 - 0x00007fff0c2f0000 	C:\Windows\SYSTEM32\Wldp.dll
0x00007fff0edf0000 - 0x00007fff0ee9d000 	C:\Windows\System32\SHCORE.dll
0x00007fff0ef40000 - 0x00007fff0ef95000 	C:\Windows\System32\shlwapi.dll
0x00007fff0c880000 - 0x00007fff0c89f000 	C:\Windows\SYSTEM32\profapi.dll
0x00007ffefa1d0000 - 0x00007ffefa1e8000 	c:\Program Files\Eclipse Adoptium\jdk-17.0.2.8-hotspot\bin\zip.dll
0x00007ffefa1b0000 - 0x00007ffefa1c9000 	C:\Program Files\Eclipse Adoptium\jdk-17.0.2.8-hotspot\bin\net.dll
0x00007fff03dc0000 - 0x00007fff03ecd000 	C:\Windows\SYSTEM32\WINHTTP.dll
0x00007fff0c020000 - 0x00007fff0c08a000 	C:\Windows\system32\mswsock.dll
0x00007ffefa190000 - 0x00007ffefa1a5000 	C:\Program Files\Eclipse Adoptium\jdk-17.0.2.8-hotspot\bin\nio.dll
0x00007ffefa180000 - 0x00007ffefa190000 	c:\Program Files\Eclipse Adoptium\jdk-17.0.2.8-hotspot\bin\verify.dll
0x00007ffefa030000 - 0x00007ffefa06e000 	C:\Users\win\AppData\Roaming\Code\User\globalStorage\redhat.java\1.12.0\config_ss_win\org.eclipse.equinox.launcher\org.eclipse.equinox.launcher.win32.win32.x86_64_1.2.600.v20220720-1916\eclipse_11700.dll
0x00007fff0e330000 - 0x00007fff0e45a000 	C:\Windows\System32\ole32.dll
0x00007fff0c220000 - 0x00007fff0c238000 	C:\Windows\SYSTEM32\CRYPTSP.dll
0x00007fff0b940000 - 0x00007fff0b974000 	C:\Windows\system32\rsaenh.dll
0x00007fff0cea0000 - 0x00007fff0cec7000 	C:\Windows\System32\bcrypt.dll
0x00007fff0c800000 - 0x00007fff0c82e000 	C:\Windows\SYSTEM32\USERENV.dll
0x00007fff0c210000 - 0x00007fff0c21c000 	C:\Windows\SYSTEM32\CRYPTBASE.dll
0x00007fff0bd10000 - 0x00007fff0bd4b000 	C:\Windows\SYSTEM32\IPHLPAPI.DLL
0x00007fff0e0b0000 - 0x00007fff0e0b8000 	C:\Windows\System32\NSI.dll
0x00007fff030a0000 - 0x00007fff030b7000 	C:\Windows\SYSTEM32\dhcpcsvc6.DLL
0x00007fff03d20000 - 0x00007fff03d3d000 	C:\Windows\SYSTEM32\dhcpcsvc.DLL
0x00007fff0bd50000 - 0x00007fff0be1a000 	C:\Windows\SYSTEM32\DNSAPI.dll
0x00007ffef9ba0000 - 0x00007ffef9be0000 	C:\Users\win\AppData\Local\Temp\jna-117724\jna16007802334166615689.dll

dbghelp: loaded successfully - version: 4.0.5 - missing functions: none
symbol engine: initialized successfully - sym options: 0x614 - pdb path: .;c:\Program Files\Eclipse Adoptium\jdk-17.0.2.8-hotspot\bin;C:\Windows\SYSTEM32;C:\Program Files\Avast Software\Avast;C:\Windows\WinSxS\amd64_microsoft.windows.common-controls_6595b64144ccf1df_6.0.19041.1110_none_60b5254171f9507e;c:\Program Files\Eclipse Adoptium\jdk-17.0.2.8-hotspot\bin\server;C:\Users\win\AppData\Roaming\Code\User\globalStorage\redhat.java\1.12.0\config_ss_win\org.eclipse.equinox.launcher\org.eclipse.equinox.launcher.win32.win32.x86_64_1.2.600.v20220720-1916;C:\Users\win\AppData\Local\Temp\jna-117724

VM Arguments:
jvm_args: --add-modules=ALL-SYSTEM --add-opens=java.base/java.util=ALL-UNNAMED --add-opens=java.base/java.lang=ALL-UNNAMED --add-opens=java.base/sun.nio.fs=ALL-UNNAMED -Declipse.application=org.eclipse.jdt.ls.core.id1 -Dosgi.bundles.defaultStartLevel=4 -Declipse.product=org.eclipse.jdt.ls.core.product -Djava.import.generatesMetadataFilesAtProjectRoot=false -Dfile.encoding=utf8 -XX:+UseParallelGC -XX:GCTimeRatio=4 -XX:AdaptiveSizePolicyWeight=90 -Dsun.zip.disableMemoryMapping=true -Xmx1G -Xms100m -Xlog:disable -javaagent:c:\Users\win\.vscode\extensions\redhat.java-1.12.0-win32-x64\lombok\lombok-1.18.24.jar 
java_command: c:\Users\win\.vscode\extensions\redhat.java-1.12.0-win32-x64\server\plugins\org.eclipse.equinox.launcher_1.6.400.v20210924-0641.jar -configuration c:\Users\win\AppData\Roaming\Code\User\globalStorage\redhat.java\1.12.0\config_ss_win -data c:\Users\win\AppData\Roaming\Code\User\workspaceStorage\0bb1a7ba076a0b6061204e7c831bcb17\redhat.java\ss_ws
java_class_path (initial): c:\Users\win\.vscode\extensions\redhat.java-1.12.0-win32-x64\server\plugins\org.eclipse.equinox.launcher_1.6.400.v20210924-0641.jar
Launcher Type: SUN_STANDARD

[Global flags]
    uintx AdaptiveSizePolicyWeight                 = 90                                        {product} {command line}
     intx CICompilerCount                          = 2                                         {product} {ergonomic}
    uintx GCTimeRatio                              = 4                                         {product} {command line}
   size_t InitialHeapSize                          = 104857600                                 {product} {command line}
   size_t MaxHeapSize                              = 1073741824                                {product} {command line}
   size_t MaxNewSize                               = 357564416                                 {product} {ergonomic}
   size_t MinHeapDeltaBytes                        = 524288                                    {product} {ergonomic}
   size_t MinHeapSize                              = 104857600                                 {product} {command line}
   size_t NewSize                                  = 34603008                                  {product} {ergonomic}
    uintx NonNMethodCodeHeapSize                   = 5826188                                {pd product} {ergonomic}
    uintx NonProfiledCodeHeapSize                  = 122916026                              {pd product} {ergonomic}
   size_t OldSize                                  = 70254592                                  {product} {ergonomic}
    uintx ProfiledCodeHeapSize                     = 122916026                              {pd product} {ergonomic}
    uintx ReservedCodeCacheSize                    = 251658240                              {pd product} {ergonomic}
     bool SegmentedCodeCache                       = true                                      {product} {ergonomic}
   size_t SoftMaxHeapSize                          = 1073741824                             {manageable} {ergonomic}
     bool UseCompressedClassPointers               = true                           {product lp64_product} {ergonomic}
     bool UseCompressedOops                        = true                           {product lp64_product} {ergonomic}
     bool UseLargePagesIndividualAllocation        = false                                  {pd product} {ergonomic}
     bool UseParallelGC                            = true                                      {product} {command line}

Logging:
Log output configuration:
 #0: stdout all=off uptime,level,tags
 #1: stderr all=off uptime,level,tags

Environment Variables:
PATH=C:\Program Files\Eclipse Adoptium\jdk-17.0.2.8-hotspot\bin;C:\Windows\system32;C:\Windows;C:\Windows\System32\Wbem;C:\Windows\System32\WindowsPowerShell\v1.0\;C:\Windows\System32\OpenSSH\;C:\Program Files\Microsoft SQL Server\120\Tools\Binn\;C:\Program Files\Common Files\Autodesk Shared\;C:\Program Files\Git\cmd;C:\Program Files\nodejs\;C:\Users\win\AppData\Local\Programs\Python\Python310\Scripts\;C:\Users\win\AppData\Local\Programs\Python\Python310\;C:\Users\win\AppData\Local\Microsoft\WindowsApps;;C:\Users\win\AppData\Local\Programs\Microsoft VS Code\bin;C:\Users\win\AppData\Roaming\npm
USERNAME=win
OS=Windows_NT
PROCESSOR_IDENTIFIER=Intel64 Family 6 Model 55 Stepping 3, GenuineIntel



---------------  S Y S T E M  ---------------

OS:
 Windows 10 , 64 bit Build 19041 (10.0.19041.1889)
OS uptime: 0 days 6:57 hours

CPU: total 2 (initial active 2) (2 cores per cpu, 1 threads per core) family 6 model 55 stepping 3 microcode 0x312, cx8, cmov, fxsr, mmx, 3dnowpref, sse, sse2, sse3, ssse3, sse4.1, sse4.2, popcnt, tsc, tscinvbit, erms, clmul, clflush

Memory: 4k page, system-wide physical 3986M (254M free)
TotalPageFile size 7486M (AvailPageFile size 2M)
current process WorkingSet (physical memory assigned to process): 167M, peak: 167M
current process commit charge ("private bytes"): 252M, peak: 252M

vm_info: OpenJDK 64-Bit Server VM (17.0.2+8) for windows-amd64 JRE (17.0.2+8), built on Jan 20 2022 04:52:34 by "" with MS VC++ 16.7 (VS2019)

END.
